# JRE version: Java(TM) SE Runtime Environment (8.0_201-b09) (build 1.8.0_201-b09)
# Java VM: Java HotSpot(TM) 64-Bit Server VM (25.201-b09 mixed mode linux-amd64 )
Heap:
 PSYoungGen      total 13981184K, used 0K [0x00007f96c8200000, 0x00007f9bc8200000, 0x00007f9bc8200000)
  eden space 6990848K, 0% used [0x00007f96c8200000,0x00007f96c8200000,0x00007f9872d00000)
  from space 6990336K, 0% used [0x00007f9872d00000,0x00007f9872d00000,0x00007f9a1d780000)
  to   space 6990336K, 0% used [0x00007f9a1d780000,0x00007f9a1d780000,0x00007f9bc8200000)
 ParOldGen       total 33576448K, used 32459376K [0x00007f8cc8200000, 0x00007f94c9780000, 0x00007f96c8200000)
  object space 33576448K, 96% used [0x00007f8cc8200000,0x00007f948549c1d8,0x00007f94c9780000)
 Metaspace       used 55425K, capacity 57638K, committed 57856K, reserved 59392K
GC Heap History (10 events):
Event: 230,735 GC heap after
Heap after GC invocations=58 (full 10):
 PSYoungGen      total 13981184K, used 4389504K [0x00007f96c8200000, 0x00007f9bc8200000, 0x00007f9bc8200000)
  eden space 6990848K, 0% used [0x00007f96c8200000,0x00007f96c8200000,0x00007f9872d00000)
  from space 6990336K, 62% used [0x00007f9a1d780000,0x00007f9b29620018,0x00007f9bc8200000)
  to   space 6990336K, 0% used [0x00007f9872d00000,0x00007f9872d00000,0x00007f9a1d780000)
 ParOldGen       total 26985984K, used 26018067K [0x00007f8cc8200000, 0x00007f9337380000, 0x00007f96c8200000)
  object space 26985984K, 96% used [0x00007f8cc8200000,0x00007f92fc244cb8,0x00007f9337380000)
 Metaspace       used 55421K, capacity 57638K, committed 57856K, reserved 59392K
}
Event: 230,735 GC heap before
{Heap before GC invocations=59 (full 11):
 PSYoungGen      total 13981184K, used 4389504K [0x00007f96c8200000, 0x00007f9bc8200000, 0x00007f9bc8200000)
  eden space 6990848K, 0% used [0x00007f96c8200000,0x00007f96c8200000,0x00007f9872d00000)
  from space 6990336K, 62% used [0x00007f9a1d780000,0x00007f9b29620018,0x00007f9bc8200000)
  to   space 6990336K, 0% used [0x00007f9872d00000,0x00007f9872d00000,0x00007f9a1d780000)
 ParOldGen       total 26985984K, used 26018067K [0x00007f8cc8200000, 0x00007f9337380000, 0x00007f96c8200000)
  object space 26985984K, 96% used [0x00007f8cc8200000,0x00007f92fc244cb8,0x00007f9337380000)
 Metaspace       used 55421K, capacity 57638K, committed 57856K, reserved 59392K
Event: 248,781 GC heap after
Heap after GC invocations=59 (full 11):
 PSYoungGen      total 13981184K, used 2949039K [0x00007f96c8200000, 0x00007f9bc8200000, 0x00007f9bc8200000)
  eden space 6990848K, 0% used [0x00007f96c8200000,0x00007f96c8200000,0x00007f9872d00000)
  from space 6990336K, 42% used [0x00007f9a1d780000,0x00007f9ad176bf58,0x00007f9bc8200000)
  to   space 6990336K, 0% used [0x00007f9872d00000,0x00007f9872d00000,0x00007f9a1d780000)
 ParOldGen       total 33576448K, used 26985480K [0x00007f8cc8200000, 0x00007f94c9780000, 0x00007f96c8200000)
  object space 33576448K, 80% used [0x00007f8cc8200000,0x00007f9337302030,0x00007f94c9780000)
 Metaspace       used 55421K, capacity 57638K, committed 57856K, reserved 59392K
}
Event: 253,410 GC heap before
{Heap before GC invocations=60 (full 11):
 PSYoungGen      total 13981184K, used 9939887K [0x00007f96c8200000, 0x00007f9bc8200000, 0x00007f9bc8200000)
  eden space 6990848K, 100% used [0x00007f96c8200000,0x00007f9872d00000,0x00007f9872d00000)
  from space 6990336K, 42% used [0x00007f9a1d780000,0x00007f9ad176bf58,0x00007f9bc8200000)
  to   space 6990336K, 0% used [0x00007f9872d00000,0x00007f9872d00000,0x00007f9a1d780000)
 ParOldGen       total 33576448K, used 26985480K [0x00007f8cc8200000, 0x00007f94c9780000, 0x00007f96c8200000)
  object space 33576448K, 80% used [0x00007f8cc8200000,0x00007f9337302030,0x00007f94c9780000)
 Metaspace       used 55423K, capacity 57638K, committed 57856K, reserved 59392K
Event: 256,214 GC heap after
Heap after GC invocations=60 (full 11):
 PSYoungGen      total 13981184K, used 1679904K [0x00007f96c8200000, 0x00007f9bc8200000, 0x00007f9bc8200000)
  eden space 6990848K, 0% used [0x00007f96c8200000,0x00007f96c8200000,0x00007f9872d00000)
  from space 6990336K, 24% used [0x00007f9872d00000,0x00007f98d9588000,0x00007f9a1d780000)
  to   space 6990336K, 0% used [0x00007f9a1d780000,0x00007f9a1d780000,0x00007f9bc8200000)
 ParOldGen       total 33576448K, used 29116096K [0x00007f8cc8200000, 0x00007f94c9780000, 0x00007f96c8200000)
  object space 33576448K, 86% used [0x00007f8cc8200000,0x00007f93b93b0030,0x00007f94c9780000)
 Metaspace       used 55423K, capacity 57638K, committed 57856K, reserved 59392K
}
Event: 260,977 GC heap before
{Heap before GC invocations=61 (full 11):
 PSYoungGen      total 13981184K, used 8670752K [0x00007f96c8200000, 0x00007f9bc8200000, 0x00007f9bc8200000)
  eden space 6990848K, 100% used [0x00007f96c8200000,0x00007f9872d00000,0x00007f9872d00000)
  from space 6990336K, 24% used [0x00007f9872d00000,0x00007f98d9588000,0x00007f9a1d780000)
  to   space 6990336K, 0% used [0x00007f9a1d780000,0x00007f9a1d780000,0x00007f9bc8200000)
 ParOldGen       total 33576448K, used 29116096K [0x00007f8cc8200000, 0x00007f94c9780000, 0x00007f96c8200000)
  object space 33576448K, 86% used [0x00007f8cc8200000,0x00007f93b93b0030,0x00007f94c9780000)
 Metaspace       used 55424K, capacity 57638K, committed 57856K, reserved 59392K
Event: 262,188 GC heap after
Heap after GC invocations=61 (full 11):
 PSYoungGen      total 13981184K, used 1685984K [0x00007f96c8200000, 0x00007f9bc8200000, 0x00007f9bc8200000)
  eden space 6990848K, 0% used [0x00007f96c8200000,0x00007f96c8200000,0x00007f9872d00000)
  from space 6990336K, 24% used [0x00007f9a1d780000,0x00007f9a845f8000,0x00007f9bc8200000)
  to   space 6990336K, 0% used [0x00007f9872d00000,0x00007f9872d00000,0x00007f9a1d780000)
 ParOldGen       total 33576448K, used 29959824K [0x00007f8cc8200000, 0x00007f94c9780000, 0x00007f96c8200000)
  object space 33576448K, 89% used [0x00007f8cc8200000,0x00007f93ecba4030,0x00007f94c9780000)
 Metaspace       used 55424K, capacity 57638K, committed 57856K, reserved 59392K
}
Event: 266,962 GC heap before
{Heap before GC invocations=62 (full 11):
 PSYoungGen      total 13981184K, used 8676832K [0x00007f96c8200000, 0x00007f9bc8200000, 0x00007f9bc8200000)
  eden space 6990848K, 100% used [0x00007f96c8200000,0x00007f9872d00000,0x00007f9872d00000)
  from space 6990336K, 24% used [0x00007f9a1d780000,0x00007f9a845f8000,0x00007f9bc8200000)
  to   space 6990336K, 0% used [0x00007f9872d00000,0x00007f9872d00000,0x00007f9a1d780000)
 ParOldGen       total 33576448K, used 29959824K [0x00007f8cc8200000, 0x00007f94c9780000, 0x00007f96c8200000)
  object space 33576448K, 89% used [0x00007f8cc8200000,0x00007f93ecba4030,0x00007f94c9780000)
 Metaspace       used 55425K, capacity 57638K, committed 57856K, reserved 59392K
Event: 268,190 GC heap after
Heap after GC invocations=62 (full 11):
 PSYoungGen      total 13981184K, used 844320K [0x00007f96c8200000, 0x00007f9bc8200000, 0x00007f9bc8200000)
  eden space 6990848K, 0% used [0x00007f96c8200000,0x00007f96c8200000,0x00007f9872d00000)
  from space 6990336K, 12% used [0x00007f9872d00000,0x00007f98a6588000,0x00007f9a1d780000)
  to   space 6990336K, 0% used [0x00007f9a1d780000,0x00007f9a1d780000,0x00007f9bc8200000)
 ParOldGen       total 33576448K, used 31656408K [0x00007f8cc8200000, 0x00007f94c9780000, 0x00007f96c8200000)
  object space 33576448K, 94% used [0x00007f8cc8200000,0x00007f9454476030,0x00007f94c9780000)
 Metaspace       used 55425K, capacity 57638K, committed 57856K, reserved 59392K
}
Event: 268,190 GC heap before
{Heap before GC invocations=63 (full 12):
 PSYoungGen      total 13981184K, used 844320K [0x00007f96c8200000, 0x00007f9bc8200000, 0x00007f9bc8200000)
  eden space 6990848K, 0% used [0x00007f96c8200000,0x00007f96c8200000,0x00007f9872d00000)
  from space 6990336K, 12% used [0x00007f9872d00000,0x00007f98a6588000,0x00007f9a1d780000)
  to   space 6990336K, 0% used [0x00007f9a1d780000,0x00007f9a1d780000,0x00007f9bc8200000)
 ParOldGen       total 33576448K, used 31656408K [0x00007f8cc8200000, 0x00007f94c9780000, 0x00007f96c8200000)
  object space 33576448K, 94% used [0x00007f8cc8200000,0x00007f9454476030,0x00007f94c9780000)
 Metaspace       used 55425K, capacity 57638K, committed 57856K, reserved 59392K

